<?xml version="1.0" encoding="UTF-8"?>
<!-- Generated by org.testng.reporters.JUnitReportReporter -->
<testsuite skipped="0" hostname="arfeen-PC" name="testClasses.TestAnnotation" tests="3" failures="0" timestamp="17 Oct 2017 20:29:56 GMT" time="0.048" errors="0">
  <testcase name="testMethod3" time="0.004" classname="testClasses.TestAnnotation"/>
  <testcase name="testMethod1" time="0.039" classname="testClasses.TestAnnotation"/>
  <testcase name="testMethod2" time="0.005" classname="testClasses.TestAnnotation"/>
</testsuite> <!-- testClasses.TestAnnotation -->
